[1222/092813.650:ERROR:directory_reader_win.cc(43)] FindFirstFile: Системе не удается найти указанный путь. (0x3)
[0119/154250.473:ERROR:directory_reader_win.cc(43)] FindFirstFile: Системе не удается найти указанный путь. (0x3)
[0120/092309.641:ERROR:directory_reader_win.cc(43)] FindFirstFile: Системе не удается найти указанный путь. (0x3)
[0121/092007.813:ERROR:directory_reader_win.cc(43)] FindFirstFile: Системе не удается найти указанный путь. (0x3)
[0121/120620.281:ERROR:process_info.cc(359)] UncheckedAllocate
[0121/120620.479:ERROR:process_memory_win.cc(73)] ReadMemory at 0x7ff79a580000 of 64 bytes failed: Запрос ReadProcessMemory или WriteProcessMemory был выполнен только частично. (0x12B)
[0121/120620.479:WARNING:pe_image_reader.cc(340)] could not read dos header from C:\Program Files (x86)\Google\Chrome\Application\chrome.exe
[0121/120620.480:ERROR:process_memory_win.cc(73)] ReadMemory at 0x7ff868470000 of 64 bytes failed: Запрос ReadProcessMemory или WriteProcessMemory был выполнен только частично. (0x12B)
[0121/120620.480:WARNING:pe_image_reader.cc(340)] could not read dos header from C:\WINDOWS\SYSTEM32\ntdll.dll
[0121/120620.480:ERROR:process_memory_win.cc(73)] ReadMemory at 0x7ff8666c0000 of 64 bytes failed: Запрос ReadProcessMemory или WriteProcessMemory был выполнен только частично. (0x12B)
[0121/120620.480:WARNING:pe_image_reader.cc(340)] could not read dos header from C:\WINDOWS\System32\KERNEL32.dll
[0121/120620.480:ERROR:process_memory_win.cc(73)] ReadMemory at 0x7ff865d70000 of 64 bytes failed: Запрос ReadProcessMemory или WriteProcessMemory был выполнен только частично. (0x12B)
[0121/120620.480:WARNING:pe_image_reader.cc(340)] could not read dos header from C:\WINDOWS\System32\KERNELBASE.dll
[0121/120620.480:ERROR:process_memory_win.cc(73)] ReadMemory at 0x7ff83de40000 of 64 bytes failed: Запрос ReadProcessMemory или WriteProcessMemory был выполнен только частично. (0x12B)
[0121/120620.480:WARNING:pe_image_reader.cc(340)] could not read dos header from C:\Program Files (x86)\Google\Chrome\Application\87.0.4280.141\chrome_elf.dll
[0121/120620.480:ERROR:process_memory_win.cc(73)] ReadMemory at 0x7ff85ed20000 of 64 bytes failed: Запрос ReadProcessMemory или WriteProcessMemory был выполнен только частично. (0x12B)
[0121/120620.480:WARNING:pe_image_reader.cc(340)] could not read dos header from C:\WINDOWS\SYSTEM32\VERSION.dll
[0121/120620.480:ERROR:process_memory_win.cc(73)] ReadMemory at 0x7ff8673f0000 of 64 bytes failed: Запрос ReadProcessMemory или WriteProcessMemory был выполнен только частично. (0x12B)
[0121/120620.480:WARNING:pe_image_reader.cc(340)] could not read dos header from C:\WINDOWS\System32\msvcrt.dll
[0121/120620.480:ERROR:process_memory_win.cc(73)] ReadMemory at 0x7ff866bf0000 of 64 bytes failed: Запрос ReadProcessMemory или WriteProcessMemory был выполнен только частично. (0x12B)
[0121/120620.480:WARNING:pe_image_reader.cc(340)] could not read dos header from C:\WINDOWS\System32\ADVAPI32.dll
[0121/120620.480:ERROR:process_memory_win.cc(73)] ReadMemory at 0x7ff8681d0000 of 64 bytes failed: Запрос ReadProcessMemory или WriteProcessMemory был выполнен только частично. (0x12B)
[0121/120620.480:WARNING:pe_image_reader.cc(340)] could not read dos header from C:\WINDOWS\System32\sechost.dll
[0121/120620.480:ERROR:process_memory_win.cc(73)] ReadMemory at 0x7ff867ac0000 of 64 bytes failed: Запрос ReadProcessMemory или WriteProcessMemory был выполнен только частично. (0x12B)
[0121/120620.480:WARNING:pe_image_reader.cc(340)] could not read dos header from C:\WINDOWS\System32\RPCRT4.dll
[0121/120620.480:ERROR:process_memory_win.cc(73)] ReadMemory at 0x7fffe1620000 of 64 bytes failed: Запрос ReadProcessMemory или WriteProcessMemory был выполнен только частично. (0x12B)
[0121/120620.480:WARNING:pe_image_reader.cc(340)] could not read dos header from C:\Program Files (x86)\Google\Chrome\Application\87.0.4280.141\chrome.dll
[0121/120620.481:ERROR:process_memory_win.cc(73)] ReadMemory at 0x7ff8675d0000 of 64 bytes failed: Запрос ReadProcessMemory или WriteProcessMemory был выполнен только частично. (0x12B)
[0121/120620.481:WARNING:pe_image_reader.cc(340)] could not read dos header from C:\WINDOWS\System32\WS2_32.dll
[0121/120620.481:ERROR:process_memory_win.cc(73)] ReadMemory at 0x7ff867c00000 of 64 bytes failed: Запрос ReadProcessMemory или WriteProcessMemory был выполнен только частично. (0x12B)
[0121/120620.481:WARNING:pe_image_reader.cc(340)] could not read dos header from C:\WINDOWS\System32\OLEAUT32.dll
[0121/120620.481:ERROR:process_memory_win.cc(73)] ReadMemory at 0x7ff8662a0000 of 64 bytes failed: Запрос ReadProcessMemory или WriteProcessMemory был выполнен только частично. (0x12B)
[0121/120620.481:WARNING:pe_image_reader.cc(340)] could not read dos header from C:\WINDOWS\System32\msvcp_win.dll
[0121/120620.481:ERROR:process_memory_win.cc(73)] ReadMemory at 0x7ff866140000 of 64 bytes failed: Запрос ReadProcessMemory или WriteProcessMemory был выполнен только частично. (0x12B)
[0121/120620.481:WARNING:pe_image_reader.cc(340)] could not read dos header from C:\WINDOWS\System32\ucrtbase.dll
[0121/120620.481:ERROR:process_memory_win.cc(73)] ReadMemory at 0x7ff867e00000 of 64 bytes failed: Запрос ReadProcessMemory или WriteProcessMemory был выполнен только частично. (0x12B)
[0121/120620.481:WARNING:pe_image_reader.cc(340)] could not read dos header from C:\WINDOWS\System32\combase.dll
[0121/120620.481:ERROR:process_memory_win.cc(73)] ReadMemory at 0x7ff866240000 of 64 bytes failed: Запрос ReadProcessMemory или WriteProcessMemory был выполнен только частично. (0x12B)
[0121/120620.481:WARNING:pe_image_reader.cc(340)] could not read dos header from C:\WINDOWS\System32\WINTRUST.dll
[0121/120620.481:ERROR:process_memory_win.cc(73)] ReadMemory at 0x7ff866370000 of 64 bytes failed: Запрос ReadProcessMemory или WriteProcessMemory был выполнен только частично. (0x12B)
[0121/120620.481:WARNING:pe_image_reader.cc(340)] could not read dos header from C:\WINDOWS\System32\CRYPT32.dll
[0121/120620.481:ERROR:process_memory_win.cc(73)] ReadMemory at 0x7ff85d8a0000 of 64 bytes failed: Запрос ReadProcessMemory или WriteProcessMemory был выполнен только частично. (0x12B)
[0121/120620.481:WARNING:pe_image_reader.cc(340)] could not read dos header from C:\WINDOWS\SYSTEM32\dbghelp.dll
[0121/120620.481:ERROR:process_memory_win.cc(73)] ReadMemory at 0x7ff865030000 of 64 bytes failed: Запрос ReadProcessMemory или WriteProcessMemory был выполнен только частично. (0x12B)
[0121/120620.481:WARNING:pe_image_reader.cc(340)] could not read dos header from C:\WINDOWS\SYSTEM32\IPHLPAPI.DLL
[0121/120620.481:ERROR:process_memory_win.cc(73)] ReadMemory at 0x7ff852b20000 of 64 bytes failed: Запрос ReadProcessMemory или WriteProcessMemory был выполнен только частично. (0x12B)
[0121/120620.481:WARNING:pe_image_reader.cc(340)] could not read dos header from C:\WINDOWS\SYSTEM32\WINMM.dll
[0121/120620.481:ERROR:process_memory_win.cc(73)] ReadMemory at 0x7ff82a800000 of 64 bytes failed: Запрос ReadProcessMemory или WriteProcessMemory был выполнен только частично. (0x12B)
[0121/120620.481:WARNING:pe_image_reader.cc(340)] could not read dos header from C:\WINDOWS\SYSTEM32\UIAutomationCore.DLL
[0121/120620.481:ERROR:process_memory_win.cc(73)] ReadMemory at 0x7ff84c440000 of 64 bytes failed: Запрос ReadProcessMemory или WriteProcessMemory был выполнен только частично. (0x12B)
[0121/120620.481:WARNING:pe_image_reader.cc(340)] could not read dos header from C:\WINDOWS\SYSTEM32\Secur32.dll
[0121/120620.481:ERROR:process_memory_win.cc(73)] ReadMemory at 0x7ff865aa0000 of 64 bytes failed: Запрос ReadProcessMemory или WriteProcessMemory был выполнен только частично. (0x12B)
[0121/120620.481:WARNING:pe_image_reader.cc(340)] could not read dos header from C:\WINDOWS\SYSTEM32\USERENV.dll
[0121/120620.481:ERROR:process_memory_win.cc(73)] ReadMemory at 0x7ff8528a0000 of 64 bytes failed: Запрос ReadProcessMemory или WriteProcessMemory был выполнен только частично. (0x12B)
[0121/120620.481:WARNING:pe_image_reader.cc(340)] could not read dos header from C:\WINDOWS\SYSTEM32\DWrite.dll
[0121/120620.481:ERROR:process_memory_win.cc(73)] ReadMemory at 0x7ff850de0000 of 64 bytes failed: Запрос ReadProcessMemory или WriteProcessMemory был выполнен только частично. (0x12B)
[0121/120620.481:WARNING:pe_image_reader.cc(340)] could not read dos header from C:\WINDOWS\SYSTEM32\WINSPOOL.DRV
[0121/120620.481:ERROR:process_memory_win.cc(73)] ReadMemory at 0x7ff85acc0000 of 64 bytes failed: Запрос ReadProcessMemory или WriteProcessMemory был выполнен только частично. (0x12B)
[0121/120620.481:WARNING:pe_image_reader.cc(340)] could not read dos header from C:\WINDOWS\SYSTEM32\WINHTTP.dll
[0121/120620.481:ERROR:process_memory_win.cc(73)] ReadMemory at 0x7ff85e7a0000 of 64 bytes failed: Запрос ReadProcessMemory или WriteProcessMemory был выполнен только частично. (0x12B)
[0121/120620.481:WARNING:pe_image_reader.cc(340)] could not read dos header from C:\WINDOWS\SYSTEM32\dhcpcsvc.DLL
[0121/120620.481:ERROR:process_memory_win.cc(73)] ReadMemory at 0x7ff863a50000 of 64 bytes failed: Запрос ReadProcessMemory или WriteProcessMemory был выполнен только частично. (0x12B)
[0121/120620.481:WARNING:pe_image_reader.cc(340)] could not read dos header from C:\WINDOWS\SYSTEM32\PROPSYS.dll
[0121/120620.481:ERROR:process_memory_win.cc(73)] ReadMemory at 0x7ff865a60000 of 64 bytes failed: Запрос ReadProcessMemory или WriteProcessMemory был выполнен только частично. (0x12B)
[0121/120620.481:WARNING:pe_image_reader.cc(340)] could not read dos header from C:\WINDOWS\SYSTEM32\SSPICLI.DLL
[0121/120620.481:ERROR:process_memory_win.cc(73)] ReadMemory at 0x7ff865790000 of 64 bytes failed: Запрос ReadProcessMemory или WriteProcessMemory был выполнен только частично. (0x12B)
[0121/120620.481:WARNING:pe_image_reader.cc(340)] could not read dos header from C:\WINDOWS\System32\MSASN1.dll
[0121/120620.481:ERROR:process_memory_win.cc(73)] ReadMemory at 0x7ff866040000 of 64 bytes failed: Запрос ReadProcessMemory или WriteProcessMemory был выполнен только частично. (0x12B)
[0121/120620.481:WARNING:pe_image_reader.cc(340)] could not read dos header from C:\WINDOWS\System32\bcryptPrimitives.dll
[0121/120620.481:ERROR:process_memory_win.cc(73)] ReadMemory at 0x7ff867cd0000 of 64 bytes failed: Запрос ReadProcessMemory или WriteProcessMemory был выполнен только частично. (0x12B)
[0121/120620.481:WARNING:pe_image_reader.cc(340)] could not read dos header from C:\WINDOWS\System32\ole32.dll
[0121/120620.481:ERROR:process_memory_win.cc(73)] ReadMemory at 0x7ff867490000 of 64 bytes failed: Запрос ReadProcessMemory или WriteProcessMemory был выполнен только частично. (0x12B)
[0121/120620.481:WARNING:pe_image_reader.cc(340)] could not read dos header from C:\WINDOWS\System32\GDI32.dll
[0121/120620.482:ERROR:process_memory_win.cc(73)] ReadMemory at 0x7ff866110000 of 64 bytes failed: Запрос ReadProcessMemory или WriteProcessMemory был выполнен только частично. (0x12B)
[0121/120620.482:WARNING:pe_image_reader.cc(340)] could not read dos header from C:\WINDOWS\System32\win32u.dll
[0121/120620.482:ERROR:process_memory_win.cc(73)] ReadMemory at 0x7ff865c60000 of 64 bytes failed: Запрос ReadProcessMemory или WriteProcessMemory был выполнен только частично. (0x12B)
[0121/120620.482:WARNING:pe_image_reader.cc(340)] could not read dos header from C:\WINDOWS\System32\gdi32full.dll
[0121/120620.482:ERROR:process_memory_win.cc(73)] ReadMemory at 0x7ff867640000 of 64 bytes failed: Запрос ReadProcessMemory или WriteProcessMemory был выполнен только частично. (0x12B)
[0121/120620.482:WARNING:pe_image_reader.cc(340)] could not read dos header from C:\WINDOWS\System32\USER32.dll
[0121/120620.482:ERROR:process_memory_win.cc(73)] ReadMemory at 0x21eb4870000 of 64 bytes failed: Запрос ReadProcessMemory или WriteProcessMemory был выполнен только частично. (0x12B)
[0121/120620.482:WARNING:pe_image_reader.cc(340)] could not read dos header from C:\WINDOWS\System32\IMM32.DLL
[0121/120620.482:ERROR:process_memory_win.cc(73)] ReadMemory at 0x7ff865580000 of 64 bytes failed: Запрос ReadProcessMemory или WriteProcessMemory был выполнен только частично. (0x12B)
[0121/120620.482:WARNING:pe_image_reader.cc(340)] could not read dos header from C:\WINDOWS\SYSTEM32\CRYPTBASE.DLL
[0121/120620.484:ERROR:process_memory_win.cc(73)] ReadMemory at 0x7ff79a580000 of 64 bytes failed: Запрос ReadProcessMemory или WriteProcessMemory был выполнен только частично. (0x12B)
[0121/120620.484:WARNING:pe_image_reader.cc(340)] could not read dos header from C:\Program Files (x86)\Google\Chrome\Application\chrome.exe
[0121/120620.484:ERROR:process_memory_win.cc(73)] ReadMemory at 0x7ff868470000 of 64 bytes failed: Запрос ReadProcessMemory или WriteProcessMemory был выполнен только частично. (0x12B)
[0121/120620.484:WARNING:pe_image_reader.cc(340)] could not read dos header from C:\WINDOWS\SYSTEM32\ntdll.dll
[0121/120620.485:ERROR:process_memory_win.cc(73)] ReadMemory at 0x7ff8666c0000 of 64 bytes failed: Запрос ReadProcessMemory или WriteProcessMemory был выполнен только частично. (0x12B)
[0121/120620.485:WARNING:pe_image_reader.cc(340)] could not read dos header from C:\WINDOWS\System32\KERNEL32.dll
[0121/120620.485:ERROR:process_memory_win.cc(73)] ReadMemory at 0x7ff865d70000 of 64 bytes failed: Запрос ReadProcessMemory или WriteProcessMemory был выполнен только частично. (0x12B)
[0121/120620.485:WARNING:pe_image_reader.cc(340)] could not read dos header from C:\WINDOWS\System32\KERNELBASE.dll
[0121/120620.485:ERROR:process_memory_win.cc(73)] ReadMemory at 0x7ff83de40000 of 64 bytes failed: Запрос ReadProcessMemory или WriteProcessMemory был выполнен только частично. (0x12B)
[0121/120620.485:WARNING:pe_image_reader.cc(340)] could not read dos header from C:\Program Files (x86)\Google\Chrome\Application\87.0.4280.141\chrome_elf.dll
[0121/120620.485:ERROR:process_memory_win.cc(73)] ReadMemory at 0x7ff85ed20000 of 64 bytes failed: Запрос ReadProcessMemory или WriteProcessMemory был выполнен только частично. (0x12B)
[0121/120620.485:WARNING:pe_image_reader.cc(340)] could not read dos header from C:\WINDOWS\SYSTEM32\VERSION.dll
[0121/120620.485:ERROR:process_memory_win.cc(73)] ReadMemory at 0x7ff8673f0000 of 64 bytes failed: Запрос ReadProcessMemory или WriteProcessMemory был выполнен только частично. (0x12B)
[0121/120620.485:WARNING:pe_image_reader.cc(340)] could not read dos header from C:\WINDOWS\System32\msvcrt.dll
[0121/120620.485:ERROR:process_memory_win.cc(73)] ReadMemory at 0x7ff866bf0000 of 64 bytes failed: Запрос ReadProcessMemory или WriteProcessMemory был выполнен только частично. (0x12B)
[0121/120620.485:WARNING:pe_image_reader.cc(340)] could not read dos header from C:\WINDOWS\System32\ADVAPI32.dll
[0121/120620.485:ERROR:process_memory_win.cc(73)] ReadMemory at 0x7ff8681d0000 of 64 bytes failed: Запрос ReadProcessMemory или WriteProcessMemory был выполнен только частично. (0x12B)
[0121/120620.485:WARNING:pe_image_reader.cc(340)] could not read dos header from C:\WINDOWS\System32\sechost.dll
[0121/120620.485:ERROR:process_memory_win.cc(73)] ReadMemory at 0x7ff867ac0000 of 64 bytes failed: Запрос ReadProcessMemory или WriteProcessMemory был выполнен только частично. (0x12B)
[0121/120620.485:WARNING:pe_image_reader.cc(340)] could not read dos header from C:\WINDOWS\System32\RPCRT4.dll
[0121/120620.485:ERROR:process_memory_win.cc(73)] ReadMemory at 0x7fffe1620000 of 64 bytes failed: Запрос ReadProcessMemory или WriteProcessMemory был выполнен только частично. (0x12B)
[0121/120620.485:WARNING:pe_image_reader.cc(340)] could not read dos header from C:\Program Files (x86)\Google\Chrome\Application\87.0.4280.141\chrome.dll
[0121/120620.485:ERROR:process_memory_win.cc(73)] ReadMemory at 0x7ff8675d0000 of 64 bytes failed: Запрос ReadProcessMemory или WriteProcessMemory был выполнен только частично. (0x12B)
[0121/120620.485:WARNING:pe_image_reader.cc(340)] could not read dos header from C:\WINDOWS\System32\WS2_32.dll
[0121/120620.485:ERROR:process_memory_win.cc(73)] ReadMemory at 0x7ff867c00000 of 64 bytes failed: Запрос ReadProcessMemory или WriteProcessMemory был выполнен только частично. (0x12B)
[0121/120620.485:WARNING:pe_image_reader.cc(340)] could not read dos header from C:\WINDOWS\System32\OLEAUT32.dll
[0121/120620.485:ERROR:process_memory_win.cc(73)] ReadMemory at 0x7ff8662a0000 of 64 bytes failed: Запрос ReadProcessMemory или WriteProcessMemory был выполнен только частично. (0x12B)
[0121/120620.485:WARNING:pe_image_reader.cc(340)] could not read dos header from C:\WINDOWS\System32\msvcp_win.dll
[0121/120620.485:ERROR:process_memory_win.cc(73)] ReadMemory at 0x7ff866140000 of 64 bytes failed: Запрос ReadProcessMemory или WriteProcessMemory был выполнен только частично. (0x12B)
[0121/120620.485:WARNING:pe_image_reader.cc(340)] could not read dos header from C:\WINDOWS\System32\ucrtbase.dll
[0121/120620.485:ERROR:process_memory_win.cc(73)] ReadMemory at 0x7ff867e00000 of 64 bytes failed: Запрос ReadProcessMemory или WriteProcessMemory был выполнен только частично. (0x12B)
[0121/120620.485:WARNING:pe_image_reader.cc(340)] could not read dos header from C:\WINDOWS\System32\combase.dll
[0121/120620.485:ERROR:process_memory_win.cc(73)] ReadMemory at 0x7ff866240000 of 64 bytes failed: Запрос ReadProcessMemory или WriteProcessMemory был выполнен только частично. (0x12B)
[0121/120620.485:WARNING:pe_image_reader.cc(340)] could not read dos header from C:\WINDOWS\System32\WINTRUST.dll
[0121/120620.485:ERROR:process_memory_win.cc(73)] ReadMemory at 0x7ff866370000 of 64 bytes failed: Запрос ReadProcessMemory или WriteProcessMemory был выполнен только частично. (0x12B)
[0121/120620.485:WARNING:pe_image_reader.cc(340)] could not read dos header from C:\WINDOWS\System32\CRYPT32.dll
[0121/120620.485:ERROR:process_memory_win.cc(73)] ReadMemory at 0x7ff85d8a0000 of 64 bytes failed: Запрос ReadProcessMemory или WriteProcessMemory был выполнен только частично. (0x12B)
[0121/120620.485:WARNING:pe_image_reader.cc(340)] could not read dos header from C:\WINDOWS\SYSTEM32\dbghelp.dll
[0121/120620.485:ERROR:process_memory_win.cc(73)] ReadMemory at 0x7ff865030000 of 64 bytes failed: Запрос ReadProcessMemory или WriteProcessMemory был выполнен только частично. (0x12B)
[0121/120620.485:WARNING:pe_image_reader.cc(340)] could not read dos header from C:\WINDOWS\SYSTEM32\IPHLPAPI.DLL
[0121/120620.485:ERROR:process_memory_win.cc(73)] ReadMemory at 0x7ff852b20000 of 64 bytes failed: Запрос ReadProcessMemory или WriteProcessMemory был выполнен только частично. (0x12B)
[0121/120620.485:WARNING:pe_image_reader.cc(340)] could not read dos header from C:\WINDOWS\SYSTEM32\WINMM.dll
[0121/120620.485:ERROR:process_memory_win.cc(73)] ReadMemory at 0x7ff82a800000 of 64 bytes failed: Запрос ReadProcessMemory или WriteProcessMemory был выполнен только частично. (0x12B)
[0121/120620.485:WARNING:pe_image_reader.cc(340)] could not read dos header from C:\WINDOWS\SYSTEM32\UIAutomationCore.DLL
[0121/120620.485:ERROR:process_memory_win.cc(73)] ReadMemory at 0x7ff84c440000 of 64 bytes failed: Запрос ReadProcessMemory или WriteProcessMemory был выполнен только частично. (0x12B)
[0121/120620.485:WARNING:pe_image_reader.cc(340)] could not read dos header from C:\WINDOWS\SYSTEM32\Secur32.dll
[0121/120620.485:ERROR:process_memory_win.cc(73)] ReadMemory at 0x7ff865aa0000 of 64 bytes failed: Запрос ReadProcessMemory или WriteProcessMemory был выполнен только частично. (0x12B)
[0121/120620.485:WARNING:pe_image_reader.cc(340)] could not read dos header from C:\WINDOWS\SYSTEM32\USERENV.dll
[0121/120620.485:ERROR:process_memory_win.cc(73)] ReadMemory at 0x7ff8528a0000 of 64 bytes failed: Запрос ReadProcessMemory или WriteProcessMemory был выполнен только частично. (0x12B)
[0121/120620.485:WARNING:pe_image_reader.cc(340)] could not read dos header from C:\WINDOWS\SYSTEM32\DWrite.dll
[0121/120620.486:ERROR:process_memory_win.cc(73)] ReadMemory at 0x7ff850de0000 of 64 bytes failed: Запрос ReadProcessMemory или WriteProcessMemory был выполнен только частично. (0x12B)
[0121/120620.486:WARNING:pe_image_reader.cc(340)] could not read dos header from C:\WINDOWS\SYSTEM32\WINSPOOL.DRV
[0121/120620.486:ERROR:process_memory_win.cc(73)] ReadMemory at 0x7ff85acc0000 of 64 bytes failed: Запрос ReadProcessMemory или WriteProcessMemory был выполнен только частично. (0x12B)
[0121/120620.486:WARNING:pe_image_reader.cc(340)] could not read dos header from C:\WINDOWS\SYSTEM32\WINHTTP.dll
[0121/120620.486:ERROR:process_memory_win.cc(73)] ReadMemory at 0x7ff85e7a0000 of 64 bytes failed: Запрос ReadProcessMemory или WriteProcessMemory был выполнен только частично. (0x12B)
[0121/120620.486:WARNING:pe_image_reader.cc(340)] could not read dos header from C:\WINDOWS\SYSTEM32\dhcpcsvc.DLL
[0121/120620.486:ERROR:process_memory_win.cc(73)] ReadMemory at 0x7ff863a50000 of 64 bytes failed: Запрос ReadProcessMemory или WriteProcessMemory был выполнен только частично. (0x12B)
[0121/120620.486:WARNING:pe_image_reader.cc(340)] could not read dos header from C:\WINDOWS\SYSTEM32\PROPSYS.dll
[0121/120620.486:ERROR:process_memory_win.cc(73)] ReadMemory at 0x7ff865a60000 of 64 bytes failed: Запрос ReadProcessMemory или WriteProcessMemory был выполнен только частично. (0x12B)
[0121/120620.486:WARNING:pe_image_reader.cc(340)] could not read dos header from C:\WINDOWS\SYSTEM32\SSPICLI.DLL
[0121/120620.486:ERROR:process_memory_win.cc(73)] ReadMemory at 0x7ff865790000 of 64 bytes failed: Запрос ReadProcessMemory или WriteProcessMemory был выполнен только частично. (0x12B)
[0121/120620.486:WARNING:pe_image_reader.cc(340)] could not read dos header from C:\WINDOWS\System32\MSASN1.dll
[0121/120620.486:ERROR:process_memory_win.cc(73)] ReadMemory at 0x7ff866040000 of 64 bytes failed: Запрос ReadProcessMemory или WriteProcessMemory был выполнен только частично. (0x12B)
[0121/120620.486:WARNING:pe_image_reader.cc(340)] could not read dos header from C:\WINDOWS\System32\bcryptPrimitives.dll
[0121/120620.486:ERROR:process_memory_win.cc(73)] ReadMemory at 0x7ff867cd0000 of 64 bytes failed: Запрос ReadProcessMemory или WriteProcessMemory был выполнен только частично. (0x12B)
[0121/120620.486:WARNING:pe_image_reader.cc(340)] could not read dos header from C:\WINDOWS\System32\ole32.dll
[0121/120620.486:ERROR:process_memory_win.cc(73)] ReadMemory at 0x7ff867490000 of 64 bytes failed: Запрос ReadProcessMemory или WriteProcessMemory был выполнен только частично. (0x12B)
[0121/120620.486:WARNING:pe_image_reader.cc(340)] could not read dos header from C:\WINDOWS\System32\GDI32.dll
[0121/120620.486:ERROR:process_memory_win.cc(73)] ReadMemory at 0x7ff866110000 of 64 bytes failed: Запрос ReadProcessMemory или WriteProcessMemory был выполнен только частично. (0x12B)
[0121/120620.486:WARNING:pe_image_reader.cc(340)] could not read dos header from C:\WINDOWS\System32\win32u.dll
[0121/120620.486:ERROR:process_memory_win.cc(73)] ReadMemory at 0x7ff865c60000 of 64 bytes failed: Запрос ReadProcessMemory или WriteProcessMemory был выполнен только частично. (0x12B)
[0121/120620.486:WARNING:pe_image_reader.cc(340)] could not read dos header from C:\WINDOWS\System32\gdi32full.dll
[0121/120620.486:ERROR:process_memory_win.cc(73)] ReadMemory at 0x7ff867640000 of 64 bytes failed: Запрос ReadProcessMemory или WriteProcessMemory был выполнен только частично. (0x12B)
[0121/120620.486:WARNING:pe_image_reader.cc(340)] could not read dos header from C:\WINDOWS\System32\USER32.dll
[0121/120620.486:ERROR:process_memory_win.cc(73)] ReadMemory at 0x21eb4870000 of 64 bytes failed: Запрос ReadProcessMemory или WriteProcessMemory был выполнен только частично. (0x12B)
[0121/120620.486:WARNING:pe_image_reader.cc(340)] could not read dos header from C:\WINDOWS\System32\IMM32.DLL
[0121/120620.486:ERROR:process_memory_win.cc(73)] ReadMemory at 0x7ff865580000 of 64 bytes failed: Запрос ReadProcessMemory или WriteProcessMemory был выполнен только частично. (0x12B)
[0121/120620.486:WARNING:pe_image_reader.cc(340)] could not read dos header from C:\WINDOWS\SYSTEM32\CRYPTBASE.DLL
[0121/120620.486:ERROR:process_memory_win.cc(73)] ReadMemory at 0x7ff79a580000 of 64 bytes failed: Запрос ReadProcessMemory или WriteProcessMemory был выполнен только частично. (0x12B)
[0121/120620.486:WARNING:pe_image_reader.cc(340)] could not read dos header from C:\Program Files (x86)\Google\Chrome\Application\chrome.exe
[0121/120620.486:ERROR:process_memory_win.cc(73)] ReadMemory at 0x7ff868470000 of 64 bytes failed: Запрос ReadProcessMemory или WriteProcessMemory был выполнен только частично. (0x12B)
[0121/120620.486:WARNING:pe_image_reader.cc(340)] could not read dos header from C:\WINDOWS\SYSTEM32\ntdll.dll
[0121/120620.486:ERROR:process_memory_win.cc(73)] ReadMemory at 0x7ff8666c0000 of 64 bytes failed: Запрос ReadProcessMemory или WriteProcessMemory был выполнен только частично. (0x12B)
[0121/120620.486:WARNING:pe_image_reader.cc(340)] could not read dos header from C:\WINDOWS\System32\KERNEL32.dll
[0121/120620.486:ERROR:process_memory_win.cc(73)] ReadMemory at 0x7ff865d70000 of 64 bytes failed: Запрос ReadProcessMemory или WriteProcessMemory был выполнен только частично. (0x12B)
[0121/120620.486:WARNING:pe_image_reader.cc(340)] could not read dos header from C:\WINDOWS\System32\KERNELBASE.dll
[0121/120620.486:ERROR:process_memory_win.cc(73)] ReadMemory at 0x7ff83de40000 of 64 bytes failed: Запрос ReadProcessMemory или WriteProcessMemory был выполнен только частично. (0x12B)
[0121/120620.486:WARNING:pe_image_reader.cc(340)] could not read dos header from C:\Program Files (x86)\Google\Chrome\Application\87.0.4280.141\chrome_elf.dll
[0121/120620.486:ERROR:process_memory_win.cc(73)] ReadMemory at 0x7ff85ed20000 of 64 bytes failed: Запрос ReadProcessMemory или WriteProcessMemory был выполнен только частично. (0x12B)
[0121/120620.486:WARNING:pe_image_reader.cc(340)] could not read dos header from C:\WINDOWS\SYSTEM32\VERSION.dll
[0121/120620.486:ERROR:process_memory_win.cc(73)] ReadMemory at 0x7ff8673f0000 of 64 bytes failed: Запрос ReadProcessMemory или WriteProcessMemory был выполнен только частично. (0x12B)
[0121/120620.486:WARNING:pe_image_reader.cc(340)] could not read dos header from C:\WINDOWS\System32\msvcrt.dll
[0121/120620.486:ERROR:process_memory_win.cc(73)] ReadMemory at 0x7ff866bf0000 of 64 bytes failed: Запрос ReadProcessMemory или WriteProcessMemory был выполнен только частично. (0x12B)
[0121/120620.486:WARNING:pe_image_reader.cc(340)] could not read dos header from C:\WINDOWS\System32\ADVAPI32.dll
[0121/120620.486:ERROR:process_memory_win.cc(73)] ReadMemory at 0x7ff8681d0000 of 64 bytes failed: Запрос ReadProcessMemory или WriteProcessMemory был выполнен только частично. (0x12B)
[0121/120620.486:WARNING:pe_image_reader.cc(340)] could not read dos header from C:\WINDOWS\System32\sechost.dll
[0121/120620.486:ERROR:process_memory_win.cc(73)] ReadMemory at 0x7ff867ac0000 of 64 bytes failed: Запрос ReadProcessMemory или WriteProcessMemory был выполнен только частично. (0x12B)
[0121/120620.486:WARNING:pe_image_reader.cc(340)] could not read dos header from C:\WINDOWS\System32\RPCRT4.dll
[0121/120620.487:ERROR:process_memory_win.cc(73)] ReadMemory at 0x7fffe1620000 of 64 bytes failed: Запрос ReadProcessMemory или WriteProcessMemory был выполнен только частично. (0x12B)
[0121/120620.487:WARNING:pe_image_reader.cc(340)] could not read dos header from C:\Program Files (x86)\Google\Chrome\Application\87.0.4280.141\chrome.dll
[0121/120620.487:ERROR:process_memory_win.cc(73)] ReadMemory at 0x7ff8675d0000 of 64 bytes failed: Запрос ReadProcessMemory или WriteProcessMemory был выполнен только частично. (0x12B)
[0121/120620.487:WARNING:pe_image_reader.cc(340)] could not read dos header from C:\WINDOWS\System32\WS2_32.dll
[0121/120620.487:ERROR:process_memory_win.cc(73)] ReadMemory at 0x7ff867c00000 of 64 bytes failed: Запрос ReadProcessMemory или WriteProcessMemory был выполнен только частично. (0x12B)
[0121/120620.487:WARNING:pe_image_reader.cc(340)] could not read dos header from C:\WINDOWS\System32\OLEAUT32.dll
[0121/120620.487:ERROR:process_memory_win.cc(73)] ReadMemory at 0x7ff8662a0000 of 64 bytes failed: Запрос ReadProcessMemory или WriteProcessMemory был выполнен только частично. (0x12B)
[0121/120620.487:WARNING:pe_image_reader.cc(340)] could not read dos header from C:\WINDOWS\System32\msvcp_win.dll
[0121/120620.487:ERROR:process_memory_win.cc(73)] ReadMemory at 0x7ff866140000 of 64 bytes failed: Запрос ReadProcessMemory или WriteProcessMemory был выполнен только частично. (0x12B)
[0121/120620.487:WARNING:pe_image_reader.cc(340)] could not read dos header from C:\WINDOWS\System32\ucrtbase.dll
[0121/120620.487:ERROR:process_memory_win.cc(73)] ReadMemory at 0x7ff867e00000 of 64 bytes failed: Запрос ReadProcessMemory или WriteProcessMemory был выполнен только частично. (0x12B)
[0121/120620.487:WARNING:pe_image_reader.cc(340)] could not read dos header from C:\WINDOWS\System32\combase.dll
[0121/120620.487:ERROR:process_memory_win.cc(73)] ReadMemory at 0x7ff866240000 of 64 bytes failed: Запрос ReadProcessMemory или WriteProcessMemory был выполнен только частично. (0x12B)
[0121/120620.487:WARNING:pe_image_reader.cc(340)] could not read dos header from C:\WINDOWS\System32\WINTRUST.dll
[0121/120620.487:ERROR:process_memory_win.cc(73)] ReadMemory at 0x7ff866370000 of 64 bytes failed: Запрос ReadProcessMemory или WriteProcessMemory был выполнен только частично. (0x12B)
[0121/120620.487:WARNING:pe_image_reader.cc(340)] could not read dos header from C:\WINDOWS\System32\CRYPT32.dll
[0121/120620.487:ERROR:process_memory_win.cc(73)] ReadMemory at 0x7ff85d8a0000 of 64 bytes failed: Запрос ReadProcessMemory или WriteProcessMemory был выполнен только частично. (0x12B)
[0121/120620.487:WARNING:pe_image_reader.cc(340)] could not read dos header from C:\WINDOWS\SYSTEM32\dbghelp.dll
[0121/120620.487:ERROR:process_memory_win.cc(73)] ReadMemory at 0x7ff865030000 of 64 bytes failed: Запрос ReadProcessMemory или WriteProcessMemory был выполнен только частично. (0x12B)
[0121/120620.487:WARNING:pe_image_reader.cc(340)] could not read dos header from C:\WINDOWS\SYSTEM32\IPHLPAPI.DLL
[0121/120620.487:ERROR:process_memory_win.cc(73)] ReadMemory at 0x7ff852b20000 of 64 bytes failed: Запрос ReadProcessMemory или WriteProcessMemory был выполнен только частично. (0x12B)
[0121/120620.487:WARNING:pe_image_reader.cc(340)] could not read dos header from C:\WINDOWS\SYSTEM32\WINMM.dll
[0121/120620.487:ERROR:process_memory_win.cc(73)] ReadMemory at 0x7ff82a800000 of 64 bytes failed: Запрос ReadProcessMemory или WriteProcessMemory был выполнен только частично. (0x12B)
[0121/120620.487:WARNING:pe_image_reader.cc(340)] could not read dos header from C:\WINDOWS\SYSTEM32\UIAutomationCore.DLL
[0121/120620.487:ERROR:process_memory_win.cc(73)] ReadMemory at 0x7ff84c440000 of 64 bytes failed: Запрос ReadProcessMemory или WriteProcessMemory был выполнен только частично. (0x12B)
[0121/120620.487:WARNING:pe_image_reader.cc(340)] could not read dos header from C:\WINDOWS\SYSTEM32\Secur32.dll
[0121/120620.487:ERROR:process_memory_win.cc(73)] ReadMemory at 0x7ff865aa0000 of 64 bytes failed: Запрос ReadProcessMemory или WriteProcessMemory был выполнен только частично. (0x12B)
[0121/120620.487:WARNING:pe_image_reader.cc(340)] could not read dos header from C:\WINDOWS\SYSTEM32\USERENV.dll
[0121/120620.487:ERROR:process_memory_win.cc(73)] ReadMemory at 0x7ff8528a0000 of 64 bytes failed: Запрос ReadProcessMemory или WriteProcessMemory был выполнен только частично. (0x12B)
[0121/120620.487:WARNING:pe_image_reader.cc(340)] could not read dos header from C:\WINDOWS\SYSTEM32\DWrite.dll
[0121/120620.487:ERROR:process_memory_win.cc(73)] ReadMemory at 0x7ff850de0000 of 64 bytes failed: Запрос ReadProcessMemory или WriteProcessMemory был выполнен только частично. (0x12B)
[0121/120620.487:WARNING:pe_image_reader.cc(340)] could not read dos header from C:\WINDOWS\SYSTEM32\WINSPOOL.DRV
[0121/120620.487:ERROR:process_memory_win.cc(73)] ReadMemory at 0x7ff85acc0000 of 64 bytes failed: Запрос ReadProcessMemory или WriteProcessMemory был выполнен только частично. (0x12B)
[0121/120620.487:WARNING:pe_image_reader.cc(340)] could not read dos header from C:\WINDOWS\SYSTEM32\WINHTTP.dll
[0121/120620.487:ERROR:process_memory_win.cc(73)] ReadMemory at 0x7ff85e7a0000 of 64 bytes failed: Запрос ReadProcessMemory или WriteProcessMemory был выполнен только частично. (0x12B)
[0121/120620.487:WARNING:pe_image_reader.cc(340)] could not read dos header from C:\WINDOWS\SYSTEM32\dhcpcsvc.DLL
[0121/120620.487:ERROR:process_memory_win.cc(73)] ReadMemory at 0x7ff863a50000 of 64 bytes failed: Запрос ReadProcessMemory или WriteProcessMemory был выполнен только частично. (0x12B)
[0121/120620.487:WARNING:pe_image_reader.cc(340)] could not read dos header from C:\WINDOWS\SYSTEM32\PROPSYS.dll
[0121/120620.487:ERROR:process_memory_win.cc(73)] ReadMemory at 0x7ff865a60000 of 64 bytes failed: Запрос ReadProcessMemory или WriteProcessMemory был выполнен только частично. (0x12B)
[0121/120620.487:WARNING:pe_image_reader.cc(340)] could not read dos header from C:\WINDOWS\SYSTEM32\SSPICLI.DLL
[0121/120620.487:ERROR:process_memory_win.cc(73)] ReadMemory at 0x7ff865790000 of 64 bytes failed: Запрос ReadProcessMemory или WriteProcessMemory был выполнен только частично. (0x12B)
[0121/120620.487:WARNING:pe_image_reader.cc(340)] could not read dos header from C:\WINDOWS\System32\MSASN1.dll
[0121/120620.487:ERROR:process_memory_win.cc(73)] ReadMemory at 0x7ff866040000 of 64 bytes failed: Запрос ReadProcessMemory или WriteProcessMemory был выполнен только частично. (0x12B)
[0121/120620.487:WARNING:pe_image_reader.cc(340)] could not read dos header from C:\WINDOWS\System32\bcryptPrimitives.dll
[0121/120620.487:ERROR:process_memory_win.cc(73)] ReadMemory at 0x7ff867cd0000 of 64 bytes failed: Запрос ReadProcessMemory или WriteProcessMemory был выполнен только частично. (0x12B)
[0121/120620.488:WARNING:pe_image_reader.cc(340)] could not read dos header from C:\WINDOWS\System32\ole32.dll
[0121/120620.488:ERROR:process_memory_win.cc(73)] ReadMemory at 0x7ff867490000 of 64 bytes failed: Запрос ReadProcessMemory или WriteProcessMemory был выполнен только частично. (0x12B)
[0121/120620.488:WARNING:pe_image_reader.cc(340)] could not read dos header from C:\WINDOWS\System32\GDI32.dll
[0121/120620.488:ERROR:process_memory_win.cc(73)] ReadMemory at 0x7ff866110000 of 64 bytes failed: Запрос ReadProcessMemory или WriteProcessMemory был выполнен только частично. (0x12B)
[0121/120620.488:WARNING:pe_image_reader.cc(340)] could not read dos header from C:\WINDOWS\System32\win32u.dll
[0121/120620.488:ERROR:process_memory_win.cc(73)] ReadMemory at 0x7ff865c60000 of 64 bytes failed: Запрос ReadProcessMemory или WriteProcessMemory был выполнен только частично. (0x12B)
[0121/120620.488:WARNING:pe_image_reader.cc(340)] could not read dos header from C:\WINDOWS\System32\gdi32full.dll
[0121/120620.488:ERROR:process_memory_win.cc(73)] ReadMemory at 0x7ff867640000 of 64 bytes failed: Запрос ReadProcessMemory или WriteProcessMemory был выполнен только частично. (0x12B)
[0121/120620.488:WARNING:pe_image_reader.cc(340)] could not read dos header from C:\WINDOWS\System32\USER32.dll
[0121/120620.488:ERROR:process_memory_win.cc(73)] ReadMemory at 0x21eb4870000 of 64 bytes failed: Запрос ReadProcessMemory или WriteProcessMemory был выполнен только частично. (0x12B)
[0121/120620.488:WARNING:pe_image_reader.cc(340)] could not read dos header from C:\WINDOWS\System32\IMM32.DLL
[0121/120620.488:ERROR:process_memory_win.cc(73)] ReadMemory at 0x7ff865580000 of 64 bytes failed: Запрос ReadProcessMemory или WriteProcessMemory был выполнен только частично. (0x12B)
[0121/120620.488:WARNING:pe_image_reader.cc(340)] could not read dos header from C:\WINDOWS\SYSTEM32\CRYPTBASE.DLL
[0121/120620.498:ERROR:process_memory_win.cc(73)] ReadMemory at 0x60997e4000 of 114688 bytes failed: Запрос ReadProcessMemory или WriteProcessMemory был выполнен только частично. (0x12B)
[0121/120620.498:ERROR:process_memory_win.cc(73)] ReadMemory at 0x6099ffe000 of 8192 bytes failed: Запрос ReadProcessMemory или WriteProcessMemory был выполнен только частично. (0x12B)
[0121/120620.498:ERROR:process_memory_win.cc(73)] ReadMemory at 0x609affd000 of 12288 bytes failed: Запрос ReadProcessMemory или WriteProcessMemory был выполнен только частично. (0x12B)
[0121/120620.498:ERROR:process_memory_win.cc(73)] ReadMemory at 0x609b7fd000 of 12288 bytes failed: Запрос ReadProcessMemory или WriteProcessMemory был выполнен только частично. (0x12B)
[0121/120620.498:ERROR:process_memory_win.cc(73)] ReadMemory at 0x609c7fe000 of 8192 bytes failed: Запрос ReadProcessMemory или WriteProcessMemory был выполнен только частично. (0x12B)
[0121/120620.498:ERROR:process_memory_win.cc(73)] ReadMemory at 0x609cffd000 of 12288 bytes failed: Запрос ReadProcessMemory или WriteProcessMemory был выполнен только частично. (0x12B)
[0121/120620.498:ERROR:process_memory_win.cc(73)] ReadMemory at 0x609d7fc000 of 16384 bytes failed: Запрос ReadProcessMemory или WriteProcessMemory был выполнен только частично. (0x12B)
[0121/120620.498:ERROR:process_memory_win.cc(73)] ReadMemory at 0x609e7fe000 of 8192 bytes failed: Запрос ReadProcessMemory или WriteProcessMemory был выполнен только частично. (0x12B)
[0121/120620.498:ERROR:process_memory_win.cc(73)] ReadMemory at 0x609effc000 of 16384 bytes failed: Запрос ReadProcessMemory или WriteProcessMemory был выполнен только частично. (0x12B)
[0121/120620.499:ERROR:process_memory_win.cc(73)] ReadMemory at 0x609f7fc000 of 16384 bytes failed: Запрос ReadProcessMemory или WriteProcessMemory был выполнен только частично. (0x12B)
[0121/120620.499:ERROR:process_memory_win.cc(73)] ReadMemory at 0x609fffc000 of 16384 bytes failed: Запрос ReadProcessMemory или WriteProcessMemory был выполнен только частично. (0x12B)
[0121/120620.499:ERROR:process_memory_win.cc(73)] ReadMemory at 0x60a07fc000 of 16384 bytes failed: Запрос ReadProcessMemory или WriteProcessMemory был выполнен только частично. (0x12B)
[0121/120620.499:ERROR:process_memory_win.cc(73)] ReadMemory at 0x60a17fc000 of 16384 bytes failed: Запрос ReadProcessMemory или WriteProcessMemory был выполнен только частично. (0x12B)
[0121/120620.499:ERROR:process_memory_win.cc(73)] ReadMemory at 0x60a1ffd000 of 12288 bytes failed: Запрос ReadProcessMemory или WriteProcessMemory был выполнен только частично. (0x12B)
[0121/120620.499:ERROR:process_memory_win.cc(73)] ReadMemory at 0x60a27fd000 of 12288 bytes failed: Запрос ReadProcessMemory или WriteProcessMemory был выполнен только частично. (0x12B)
[0121/120620.499:ERROR:process_memory_win.cc(73)] ReadMemory at 0x609a7fe000 of 8192 bytes failed: Запрос ReadProcessMemory или WriteProcessMemory был выполнен только частично. (0x12B)
[0121/120620.499:ERROR:process_memory_win.cc(73)] ReadMemory at 0x609dffc000 of 16384 bytes failed: Запрос ReadProcessMemory или WriteProcessMemory был выполнен только частично. (0x12B)
[0121/120620.499:ERROR:process_memory_win.cc(73)] ReadMemory at 0x609bffc000 of 16384 bytes failed: Запрос ReadProcessMemory или WriteProcessMemory был выполнен только частично. (0x12B)
[0121/120620.499:ERROR:process_memory_win.cc(73)] ReadMemory at 0x6098e00000 of 6024 bytes failed: Запрос ReadProcessMemory или WriteProcessMemory был выполнен только частично. (0x12B)
[0121/120620.499:ERROR:process_memory_win.cc(73)] ReadMemory at 0x6098e02000 of 6024 bytes failed: Запрос ReadProcessMemory или WriteProcessMemory был выполнен только частично. (0x12B)
[0121/120620.499:ERROR:process_memory_win.cc(73)] ReadMemory at 0x6098e04000 of 6024 bytes failed: Запрос ReadProcessMemory или WriteProcessMemory был выполнен только частично. (0x12B)
[0121/120620.499:ERROR:process_memory_win.cc(73)] ReadMemory at 0x6098e06000 of 6024 bytes failed: Запрос ReadProcessMemory или WriteProcessMemory был выполнен только частично. (0x12B)
[0121/120620.499:ERROR:process_memory_win.cc(73)] ReadMemory at 0x6098e08000 of 6024 bytes failed: Запрос ReadProcessMemory или WriteProcessMemory был выполнен только частично. (0x12B)
[0121/120620.499:ERROR:process_memory_win.cc(73)] ReadMemory at 0x6098e0c000 of 6024 bytes failed: Запрос ReadProcessMemory или WriteProcessMemory был выполнен только частично. (0x12B)
[0121/120620.499:ERROR:process_memory_win.cc(73)] ReadMemory at 0x6098e0e000 of 6024 bytes failed: Запрос ReadProcessMemory или WriteProcessMemory был выполнен только частично. (0x12B)
[0121/120620.499:ERROR:process_memory_win.cc(73)] ReadMemory at 0x6098e10000 of 6024 bytes failed: Запрос ReadProcessMemory или WriteProcessMemory был выполнен только частично. (0x12B)
[0121/120620.499:ERROR:process_memory_win.cc(73)] ReadMemory at 0x6098e26000 of 6024 bytes failed: Запрос ReadProcessMemory или WriteProcessMemory был выполнен только частично. (0x12B)
[0121/120620.500:ERROR:process_memory_win.cc(73)] ReadMemory at 0x6098e34000 of 6024 bytes failed: Запрос ReadProcessMemory или WriteProcessMemory был выполнен только частично. (0x12B)
[0121/120620.500:ERROR:process_memory_win.cc(73)] ReadMemory at 0x6098e38000 of 6024 bytes failed: Запрос ReadProcessMemory или WriteProcessMemory был выполнен только частично. (0x12B)
[0121/120620.500:ERROR:process_memory_win.cc(73)] ReadMemory at 0x6098fea000 of 852 bytes failed: Запрос ReadProcessMemory или WriteProcessMemory был выполнен только частично. (0x12B)
[0121/120620.500:ERROR:process_memory_win.cc(73)] ReadMemory at 0x6098feb000 of 6024 bytes failed: Запрос ReadProcessMemory или WriteProcessMemory был выполнен только частично. (0x12B)
[0121/120620.500:ERROR:process_memory_win.cc(73)] ReadMemory at 0x6098fed000 of 6024 bytes failed: Запрос ReadProcessMemory или WriteProcessMemory был выполнен только частично. (0x12B)
[0121/120620.500:ERROR:process_memory_win.cc(73)] ReadMemory at 0x6098ff1000 of 6024 bytes failed: Запрос ReadProcessMemory или WriteProcessMemory был выполнен только частично. (0x12B)
[0121/120620.500:ERROR:process_memory_win.cc(73)] ReadMemory at 0x6098ff3000 of 6024 bytes failed: Запрос ReadProcessMemory или WriteProcessMemory был выполнен только частично. (0x12B)
[0121/120620.500:ERROR:process_memory_win.cc(73)] ReadMemory at 0x6098ff7000 of 6024 bytes failed: Запрос ReadProcessMemory или WriteProcessMemory был выполнен только частично. (0x12B)
[0121/120620.500:ERROR:process_memory_win.cc(73)] ReadMemory at 0x6098ff9000 of 6024 bytes failed: Запрос ReadProcessMemory или WriteProcessMemory был выполнен только частично. (0x12B)
[0121/120620.500:ERROR:process_memory_win.cc(73)] ReadMemory at 0x6098ffb000 of 6024 bytes failed: Запрос ReadProcessMemory или WriteProcessMemory был выполнен только частично. (0x12B)
[0121/120620.500:ERROR:process_memory_win.cc(73)] ReadMemory at 0x21eb4630fe0 of 9900 bytes failed: Запрос ReadProcessMemory или WriteProcessMemory был выполнен только частично. (0x12B)
[0121/120620.500:ERROR:process_memory_win.cc(73)] ReadMemory at 0x21eb46336a0 of 1012 bytes failed: Запрос ReadProcessMemory или WriteProcessMemory был выполнен только частично. (0x12B)
[0121/120620.500:ERROR:process_memory_win.cc(73)] ReadMemory at 0x21eb4633ce8 of 118 bytes failed: Запрос ReadProcessMemory или WriteProcessMemory был выполнен только частично. (0x12B)
[0121/120620.500:ERROR:process_memory_win.cc(73)] ReadMemory at 0x21eb4633d60 of 818 bytes failed: Запрос ReadProcessMemory или WriteProcessMemory был выполнен только частично. (0x12B)
[0121/120620.500:ERROR:process_memory_win.cc(73)] ReadMemory at 0x21eb4634094 of 118 bytes failed: Запрос ReadProcessMemory или WriteProcessMemory был выполнен только частично. (0x12B)
[0121/120620.500:ERROR:process_memory_win.cc(73)] ReadMemory at 0x21eb463410c of 96 bytes failed: Запрос ReadProcessMemory или WriteProcessMemory был выполнен только частично. (0x12B)
[0121/120620.501:ERROR:process_memory_win.cc(73)] ReadMemory at 0x21eb4634180 of 58 bytes failed: Запрос ReadProcessMemory или WriteProcessMemory был выполнен только частично. (0x12B)
[0121/120620.501:ERROR:process_memory_win.cc(73)] ReadMemory at 0x21eb4634280 of 132 bytes failed: Запрос ReadProcessMemory или WriteProcessMemory был выполнен только частично. (0x12B)
[0121/120620.501:ERROR:process_memory_win.cc(73)] ReadMemory at 0x21eb4634410 of 132 bytes failed: Запрос ReadProcessMemory или WriteProcessMemory был выполнен только частично. (0x12B)
[0121/120620.501:ERROR:process_memory_win.cc(73)] ReadMemory at 0x21eb46345d0 of 126 bytes failed: Запрос ReadProcessMemory или WriteProcessMemory был выполнен только частично. (0x12B)
[0121/120620.501:ERROR:process_memory_win.cc(73)] ReadMemory at 0x21eb46349e0 of 132 bytes failed: Запрос ReadProcessMemory или WriteProcessMemory был выполнен только частично. (0x12B)
[0121/120620.501:ERROR:process_memory_win.cc(73)] ReadMemory at 0x21eb4634f60 of 132 bytes failed: Запрос ReadProcessMemory или WriteProcessMemory был выполнен только частично. (0x12B)
[0121/120620.501:ERROR:process_memory_win.cc(73)] ReadMemory at 0x21eb46350f0 of 64 bytes failed: Запрос ReadProcessMemory или WriteProcessMemory был выполнен только частично. (0x12B)
[0121/120620.501:ERROR:process_memory_win.cc(73)] ReadMemory at 0x21eb4635570 of 132 bytes failed: Запрос ReadProcessMemory или WriteProcessMemory был выполнен только частично. (0x12B)
[0121/120620.501:ERROR:process_memory_win.cc(73)] ReadMemory at 0x21eb4635700 of 68 bytes failed: Запрос ReadProcessMemory или WriteProcessMemory был выполнен только частично. (0x12B)
[0121/120620.501:ERROR:process_memory_win.cc(73)] ReadMemory at 0x21eb463b450 of 132 bytes failed: Запрос ReadProcessMemory или WriteProcessMemory был выполнен только частично. (0x12B)
[0121/120620.501:ERROR:process_memory_win.cc(73)] ReadMemory at 0x21eb463b580 of 154 bytes failed: Запрос ReadProcessMemory или WriteProcessMemory был выполнен только частично. (0x12B)
[0121/120620.501:ERROR:process_memory_win.cc(73)] ReadMemory at 0x21eb463c1a0 of 62 bytes failed: Запрос ReadProcessMemory или WriteProcessMemory был выполнен только частично. (0x12B)
[0121/120620.501:ERROR:process_memory_win.cc(73)] ReadMemory at 0x21eb463c2d0 of 132 bytes failed: Запрос ReadProcessMemory или WriteProcessMemory был выполнен только частично. (0x12B)
[0121/120620.501:ERROR:process_memory_win.cc(73)] ReadMemory at 0x21eb463c460 of 60 bytes failed: Запрос ReadProcessMemory или WriteProcessMemory был выполнен только частично. (0x12B)
[0121/120620.501:ERROR:process_memory_win.cc(73)] ReadMemory at 0x21eb4643df0 of 80 bytes failed: Запрос ReadProcessMemory или WriteProcessMemory был выполнен только частично. (0x12B)
[0121/120620.501:ERROR:process_memory_win.cc(73)] ReadMemory at 0x21eb464a310 of 132 bytes failed: Запрос ReadProcessMemory или WriteProcessMemory был выполнен только частично. (0x12B)
[0121/120620.501:ERROR:process_memory_win.cc(73)] ReadMemory at 0x21eb464ddf0 of 132 bytes failed: Запрос ReadProcessMemory или WriteProcessMemory был выполнен только частично. (0x12B)
[0121/120620.501:ERROR:process_memory_win.cc(73)] ReadMemory at 0x21eb4652970 of 146 bytes failed: Запрос ReadProcessMemory или WriteProcessMemory был выполнен только частично. (0x12B)
[0121/120620.502:ERROR:process_memory_win.cc(73)] ReadMemory at 0x21eb46533b0 of 132 bytes failed: Запрос ReadProcessMemory или WriteProcessMemory был выполнен только частично. (0x12B)
[0121/120620.502:ERROR:process_memory_win.cc(73)] ReadMemory at 0x21eb4653a00 of 132 bytes failed: Запрос ReadProcessMemory или WriteProcessMemory был выполнен только частично. (0x12B)
[0121/120620.502:ERROR:process_memory_win.cc(73)] ReadMemory at 0x21eb4653d10 of 62 bytes failed: Запрос ReadProcessMemory или WriteProcessMemory был выполнен только частично. (0x12B)
[0121/120620.502:ERROR:process_memory_win.cc(73)] ReadMemory at 0x21eb4653d60 of 62 bytes failed: Запрос ReadProcessMemory или WriteProcessMemory был выполнен только частично. (0x12B)
[0121/120620.502:ERROR:process_memory_win.cc(73)] ReadMemory at 0x21eb4653db0 of 64 bytes failed: Запрос ReadProcessMemory или WriteProcessMemory был выполнен только частично. (0x12B)
[0121/120620.502:ERROR:process_memory_win.cc(73)] ReadMemory at 0x21eb4653e00 of 62 bytes failed: Запрос ReadProcessMemory или WriteProcessMemory был выполнен только частично. (0x12B)
[0121/120620.502:ERROR:process_memory_win.cc(73)] ReadMemory at 0x21eb4653f40 of 62 bytes failed: Запрос ReadProcessMemory или WriteProcessMemory был выполнен только частично. (0x12B)
[0121/120620.502:ERROR:process_memory_win.cc(73)] ReadMemory at 0x21eb4653fe0 of 58 bytes failed: Запрос ReadProcessMemory или WriteProcessMemory был выполнен только частично. (0x12B)
[0121/120620.502:ERROR:process_memory_win.cc(73)] ReadMemory at 0x21eb46540d0 of 60 bytes failed: Запрос ReadProcessMemory или WriteProcessMemory был выполнен только частично. (0x12B)
[0121/120620.502:ERROR:process_memory_win.cc(73)] ReadMemory at 0x21eb46541c0 of 64 bytes failed: Запрос ReadProcessMemory или WriteProcessMemory был выполнен только частично. (0x12B)
[0121/120620.502:ERROR:process_memory_win.cc(73)] ReadMemory at 0x21eb4654210 of 64 bytes failed: Запрос ReadProcessMemory или WriteProcessMemory был выполнен только частично. (0x12B)
[0121/120620.502:ERROR:process_memory_win.cc(73)] ReadMemory at 0x21eb4654350 of 60 bytes failed: Запрос ReadProcessMemory или WriteProcessMemory был выполнен только частично. (0x12B)
[0121/120620.502:ERROR:process_memory_win.cc(73)] ReadMemory at 0x21eb46543a0 of 66 bytes failed: Запрос ReadProcessMemory или WriteProcessMemory был выполнен только частично. (0x12B)
[0121/120620.502:ERROR:process_memory_win.cc(73)] ReadMemory at 0x21eb46543f0 of 64 bytes failed: Запрос ReadProcessMemory или WriteProcessMemory был выполнен только частично. (0x12B)
[0121/120620.502:ERROR:process_memory_win.cc(73)] ReadMemory at 0x21eb4654440 of 62 bytes failed: Запрос ReadProcessMemory или WriteProcessMemory был выполнен только частично. (0x12B)
[0121/120620.502:ERROR:process_memory_win.cc(73)] ReadMemory at 0x21eb46544e0 of 64 bytes failed: Запрос ReadProcessMemory или WriteProcessMemory был выполнен только частично. (0x12B)
[0121/120620.502:ERROR:process_memory_win.cc(73)] ReadMemory at 0x21eb4654580 of 62 bytes failed: Запрос ReadProcessMemory или WriteProcessMemory был выполнен только частично. (0x12B)
[0121/120620.502:ERROR:process_memory_win.cc(73)] ReadMemory at 0x21eb46546c0 of 64 bytes failed: Запрос ReadProcessMemory или WriteProcessMemory был выполнен только частично. (0x12B)
[0121/120620.502:ERROR:process_memory_win.cc(73)] ReadMemory at 0x21eb4654760 of 62 bytes failed: Запрос ReadProcessMemory или WriteProcessMemory был выполнен только частично. (0x12B)
[0121/120620.502:ERROR:process_memory_win.cc(73)] ReadMemory at 0x21eb4654800 of 62 bytes failed: Запрос ReadProcessMemory или WriteProcessMemory был выполнен только частично. (0x12B)
[0121/120620.502:ERROR:process_memory_win.cc(73)] ReadMemory at 0x21eb4654850 of 62 bytes failed: Запрос ReadProcessMemory или WriteProcessMemory был выполнен только частично. (0x12B)
[0121/120620.503:ERROR:process_memory_win.cc(73)] ReadMemory at 0x21eb4654a80 of 64 bytes failed: Запрос ReadProcessMemory или WriteProcessMemory был выполнен только частично. (0x12B)
[0121/120620.503:ERROR:process_memory_win.cc(73)] ReadMemory at 0x21eb4654ad0 of 60 bytes failed: Запрос ReadProcessMemory или WriteProcessMemory был выполнен только частично. (0x12B)
[0121/120620.503:ERROR:process_memory_win.cc(73)] ReadMemory at 0x21eb4656710 of 132 bytes failed: Запрос ReadProcessMemory или WriteProcessMemory был выполнен только частично. (0x12B)
[0121/120620.503:ERROR:process_memory_win.cc(73)] ReadMemory at 0x21eb4656840 of 132 bytes failed: Запрос ReadProcessMemory или WriteProcessMemory был выполнен только частично. (0x12B)
[0121/120620.503:ERROR:process_memory_win.cc(73)] ReadMemory at 0x21eb4656b60 of 132 bytes failed: Запрос ReadProcessMemory или WriteProcessMemory был выполнен только частично. (0x12B)
[0121/120620.503:ERROR:process_memory_win.cc(73)] ReadMemory at 0x21eb4658980 of 132 bytes failed: Запрос ReadProcessMemory или WriteProcessMemory был выполнен только частично. (0x12B)
[0121/120620.503:ERROR:process_memory_win.cc(73)] ReadMemory at 0x21eb4658ab0 of 132 bytes failed: Запрос ReadProcessMemory или WriteProcessMemory был выполнен только частично. (0x12B)
[0121/120620.503:ERROR:process_memory_win.cc(73)] ReadMemory at 0x21eb4658be0 of 132 bytes failed: Запрос ReadProcessMemory или WriteProcessMemory был выполнен только частично. (0x12B)
[0121/120620.503:ERROR:process_memory_win.cc(73)] ReadMemory at 0x21eb4658d10 of 132 bytes failed: Запрос ReadProcessMemory или WriteProcessMemory был выполнен только частично. (0x12B)
[0121/120620.503:ERROR:process_memory_win.cc(73)] ReadMemory at 0x21eb4658e40 of 132 bytes failed: Запрос ReadProcessMemory или WriteProcessMemory был выполнен только частично. (0x12B)
[0121/120620.503:ERROR:process_memory_win.cc(73)] ReadMemory at 0x21eb4658f70 of 132 bytes failed: Запрос ReadProcessMemory или WriteProcessMemory был выполнен только частично. (0x12B)
[0121/120620.503:ERROR:process_memory_win.cc(73)] ReadMemory at 0x21eb46590a0 of 132 bytes failed: Запрос ReadProcessMemory или WriteProcessMemory был выполнен только частично. (0x12B)
[0121/120620.503:ERROR:process_memory_win.cc(73)] ReadMemory at 0x21eb46591d0 of 132 bytes failed: Запрос ReadProcessMemory или WriteProcessMemory был выполнен только частично. (0x12B)
[0121/120620.503:ERROR:process_memory_win.cc(73)] ReadMemory at 0x21eb4659300 of 132 bytes failed: Запрос ReadProcessMemory или WriteProcessMemory был выполнен только частично. (0x12B)
[0121/120620.503:ERROR:process_memory_win.cc(73)] ReadMemory at 0x21eb4659430 of 132 bytes failed: Запрос ReadProcessMemory или WriteProcessMemory был выполнен только частично. (0x12B)
[0121/120620.503:ERROR:process_memory_win.cc(73)] ReadMemory at 0x21eb4659560 of 132 bytes failed: Запрос ReadProcessMemory или WriteProcessMemory был выполнен только частично. (0x12B)
[0121/120620.503:ERROR:process_memory_win.cc(73)] ReadMemory at 0x21eb4659690 of 132 bytes failed: Запрос ReadProcessMemory или WriteProcessMemory был выполнен только частично. (0x12B)
[0121/120620.503:ERROR:process_memory_win.cc(73)] ReadMemory at 0x21eb46597c0 of 132 bytes failed: Запрос ReadProcessMemory или WriteProcessMemory был выполнен только частично. (0x12B)
[0121/120620.503:ERROR:process_memory_win.cc(73)] ReadMemory at 0x21eb4659940 of 132 bytes failed: Запрос ReadProcessMemory или WriteProcessMemory был выполнен только частично. (0x12B)
[0121/120620.503:ERROR:process_memory_win.cc(73)] ReadMemory at 0x21eb465bb50 of 132 bytes failed: Запрос ReadProcessMemory или WriteProcessMemory был выполнен только частично. (0x12B)
[0121/120620.504:ERROR:process_memory_win.cc(73)] ReadMemory at 0x21eb465bc80 of 132 bytes failed: Запрос ReadProcessMemory или WriteProcessMemory был выполнен только частично. (0x12B)
[0121/120620.504:ERROR:process_memory_win.cc(73)] ReadMemory at 0x21eb465bdb0 of 132 bytes failed: Запрос ReadProcessMemory или WriteProcessMemory был выполнен только частично. (0x12B)
[0121/120620.504:ERROR:process_memory_win.cc(73)] ReadMemory at 0x21eb465c270 of 132 bytes failed: Запрос ReadProcessMemory или WriteProcessMemory был выполнен только частично. (0x12B)
[0121/120620.504:ERROR:process_memory_win.cc(73)] ReadMemory at 0x21eb465c3a0 of 132 bytes failed: Запрос ReadProcessMemory или WriteProcessMemory был выполнен только частично. (0x12B)
[0121/120620.504:ERROR:process_memory_win.cc(73)] ReadMemory at 0x21eb465c730 of 132 bytes failed: Запрос ReadProcessMemory или WriteProcessMemory был выполнен только частично. (0x12B)
[0121/120620.504:ERROR:process_memory_win.cc(73)] ReadMemory at 0x21eb465cac0 of 132 bytes failed: Запрос ReadProcessMemory или WriteProcessMemory был выполнен только частично. (0x12B)
[0121/120620.504:ERROR:process_memory_win.cc(73)] ReadMemory at 0x21eb465cbf0 of 132 bytes failed: Запрос ReadProcessMemory или WriteProcessMemory был выполнен только частично. (0x12B)
[0121/120620.504:ERROR:process_memory_win.cc(73)] ReadMemory at 0x21eb465d1e0 of 132 bytes failed: Запрос ReadProcessMemory или WriteProcessMemory был выполнен только частично. (0x12B)
[0121/120620.504:ERROR:process_memory_win.cc(73)] ReadMemory at 0x21eb465d440 of 132 bytes failed: Запрос ReadProcessMemory или WriteProcessMemory был выполнен только частично. (0x12B)
[0121/120620.504:ERROR:process_memory_win.cc(73)] ReadMemory at 0x21eb465e420 of 80 bytes failed: Запрос ReadProcessMemory или WriteProcessMemory был выполнен только частично. (0x12B)
[0121/120620.504:ERROR:process_memory_win.cc(73)] ReadMemory at 0x21eb466b110 of 58 bytes failed: Запрос ReadProcessMemory или WriteProcessMemory был выполнен только частично. (0x12B)
[0121/120620.504:ERROR:process_memory_win.cc(73)] ReadMemory at 0x21eb466b200 of 58 bytes failed: Запрос ReadProcessMemory или WriteProcessMemory был выполнен только частично. (0x12B)
[0121/120620.504:ERROR:process_memory_win.cc(73)] ReadMemory at 0x21eb466b610 of 60 bytes failed: Запрос ReadProcessMemory или WriteProcessMemory был выполнен только частично. (0x12B)
[0121/120620.504:ERROR:process_memory_win.cc(73)] ReadMemory at 0x21eb466b700 of 58 bytes failed: Запрос ReadProcessMemory или WriteProcessMemory был выполнен только частично. (0x12B)
[0121/120620.504:ERROR:process_memory_win.cc(73)] ReadMemory at 0x21eb466bc50 of 60 bytes failed: Запрос ReadProcessMemory или WriteProcessMemory был выполнен только частично. (0x12B)
[0121/120620.504:ERROR:process_memory_win.cc(73)] ReadMemory at 0x21eb466bd40 of 60 bytes failed: Запрос ReadProcessMemory или WriteProcessMemory был выполнен только частично. (0x12B)
[0121/120620.504:ERROR:process_memory_win.cc(73)] ReadMemory at 0x21eb466bd90 of 66 bytes failed: Запрос ReadProcessMemory или WriteProcessMemory был выполнен только частично. (0x12B)
[0121/120620.505:ERROR:process_memory_win.cc(73)] ReadMemory at 0x21eb466ebb0 of 512 bytes failed: Запрос ReadProcessMemory или WriteProcessMemory был выполнен только частично. (0x12B)
[0121/120620.505:ERROR:process_memory_win.cc(73)] ReadMemory at 0x21eb46aa5e0 of 560 bytes failed: Запрос ReadProcessMemory или WriteProcessMemory был выполнен только частично. (0x12B)
[0121/120620.505:ERROR:process_memory_win.cc(73)] ReadMemory at 0x21eb46bba20 of 512 bytes failed: Запрос ReadProcessMemory или WriteProcessMemory был выполнен только частично. (0x12B)
[0121/120620.505:ERROR:process_memory_win.cc(73)] ReadMemory at 0x21eb46c0320 of 512 bytes failed: Запрос ReadProcessMemory или WriteProcessMemory был выполнен только частично. (0x12B)
[0121/120620.505:ERROR:process_memory_win.cc(73)] ReadMemory at 0x21eb46d8ff0 of 512 bytes failed: Запрос ReadProcessMemory или WriteProcessMemory был выполнен только частично. (0x12B)
[0121/120620.505:ERROR:process_memory_win.cc(73)] ReadMemory at 0x21eb46dc8b0 of 512 bytes failed: Запрос ReadProcessMemory или WriteProcessMemory был выполнен только частично. (0x12B)
[0121/120620.505:ERROR:process_memory_win.cc(73)] ReadMemory at 0x21eb46ee1b0 of 712 bytes failed: Запрос ReadProcessMemory или WriteProcessMemory был выполнен только частично. (0x12B)
[0121/120620.505:ERROR:process_memory_win.cc(73)] ReadMemory at 0x21eb46f36d0 of 560 bytes failed: Запрос ReadProcessMemory или WriteProcessMemory был выполнен только частично. (0x12B)
[0121/120620.505:ERROR:process_memory_win.cc(73)] ReadMemory at 0x21eb46fe930 of 512 bytes failed: Запрос ReadProcessMemory или WriteProcessMemory был выполнен только частично. (0x12B)
[0121/120620.505:ERROR:process_memory_win.cc(73)] ReadMemory at 0x21eb743bbd0 of 512 bytes failed: Запрос ReadProcessMemory или WriteProcessMemory был выполнен только частично. (0x12B)
[0121/120620.505:ERROR:process_memory_win.cc(73)] ReadMemory at 0x21eb76030a0 of 512 bytes failed: Запрос ReadProcessMemory или WriteProcessMemory был выполнен только частично. (0x12B)
[0121/120620.505:ERROR:process_memory_win.cc(73)] ReadMemory at 0x21eb76230b0 of 512 bytes failed: Запрос ReadProcessMemory или WriteProcessMemory был выполнен только частично. (0x12B)
[0121/120620.505:ERROR:process_memory_win.cc(73)] ReadMemory at 0x21eb76373f0 of 512 bytes failed: Запрос ReadProcessMemory или WriteProcessMemory был выполнен только частично. (0x12B)
[0121/120620.505:ERROR:process_memory_win.cc(73)] ReadMemory at 0x21eb775d04f of 512 bytes failed: Запрос ReadProcessMemory или WriteProcessMemory был выполнен только частично. (0x12B)
[0121/120620.505:ERROR:process_memory_win.cc(73)] ReadMemory at 0x21eb8440000 of 384 bytes failed: Запрос ReadProcessMemory или WriteProcessMemory был выполнен только частично. (0x12B)
[0121/120620.505:ERROR:process_memory_win.cc(73)] ReadMemory at 0x21eb8f68070 of 512 bytes failed: Запрос ReadProcessMemory или WriteProcessMemory был выполнен только частично. (0x12B)
[0121/120620.505:ERROR:process_memory_win.cc(73)] ReadMemory at 0x21eb92e3281 of 512 bytes failed: Запрос ReadProcessMemory или WriteProcessMemory был выполнен только частично. (0x12B)
[0121/120620.505:ERROR:process_memory_win.cc(73)] ReadMemory at 0x21eb92e4380 of 536 bytes failed: Запрос ReadProcessMemory или WriteProcessMemory был выполнен только частично. (0x12B)
[0121/120620.505:ERROR:process_memory_win.cc(73)] ReadMemory at 0x21ebb5d1138 of 512 bytes failed: Запрос ReadProcessMemory или WriteProcessMemory был выполнен только частично. (0x12B)
[0121/120620.506:ERROR:process_memory_win.cc(73)] ReadMemory at 0x21ebb5d31f0 of 512 bytes failed: Запрос ReadProcessMemory или WriteProcessMemory был выполнен только частично. (0x12B)
[0121/120620.506:ERROR:process_memory_win.cc(73)] ReadMemory at 0x366c087279f4 of 512 bytes failed: Запрос ReadProcessMemory или WriteProcessMemory был выполнен только частично. (0x12B)
[0121/120620.506:ERROR:process_memory_win.cc(73)] ReadMemory at 0x7ff865d9d6d9 of 512 bytes failed: Запрос ReadProcessMemory или WriteProcessMemory был выполнен только частично. (0x12B)
[0121/120620.506:ERROR:process_memory_win.cc(73)] ReadMemory at 0x7ff8666e4a50 of 512 bytes failed: Запрос ReadProcessMemory или WriteProcessMemory был выполнен только частично. (0x12B)
[0121/120620.506:ERROR:process_memory_win.cc(73)] ReadMemory at 0x7ff86850bfb4 of 672 bytes failed: Запрос ReadProcessMemory или WriteProcessMemory был выполнен только частично. (0x12B)
[0121/120620.506:ERROR:process_memory_win.cc(73)] ReadMemory at 0x7ff86850c5b4 of 512 bytes failed: Запрос ReadProcessMemory или WriteProcessMemory был выполнен только частично. (0x12B)
[0121/120620.506:ERROR:process_memory_win.cc(73)] ReadMemory at 0x7ff86850f924 of 608 bytes failed: Запрос ReadProcessMemory или WriteProcessMemory был выполнен только частично. (0x12B)
[0121/120620.506:ERROR:process_memory_win.cc(73)] ReadMemory at 0x7ff8685a0a00 of 18 bytes failed: Запрос ReadProcessMemory или WriteProcessMemory был выполнен только частично. (0x12B)
[0121/120620.506:ERROR:process_memory_win.cc(73)] ReadMemory at 0x7ff8685d54f8 of 40 bytes failed: Запрос ReadProcessMemory или WriteProcessMemory был выполнен только частично. (0x12B)
[0121/120620.506:ERROR:process_memory_win.cc(73)] ReadMemory at 0x7ff8685d5978 of 48 bytes failed: Запрос ReadProcessMemory или WriteProcessMemory был выполнен только частично. (0x12B)
[0121/120620.506:ERROR:process_memory_win.cc(73)] ReadMemory at 0x7ff8685db4c0 of 64 bytes failed: Запрос ReadProcessMemory или WriteProcessMemory был выполнен только частично. (0x12B)
[0121/120620.506:ERROR:process_memory_win.cc(73)] ReadMemory at 0x7fffe1620000 of 384 bytes failed: Запрос ReadProcessMemory или WriteProcessMemory был выполнен только частично. (0x12B)
[0121/120620.506:ERROR:process_memory_win.cc(73)] ReadMemory at 0x7fffe3a51e80 of 512 bytes failed: Запрос ReadProcessMemory или WriteProcessMemory был выполнен только частично. (0x12B)
[0121/120620.506:ERROR:process_memory_win.cc(73)] ReadMemory at 0x7fffea669c40 of 512 bytes failed: Запрос ReadProcessMemory или WriteProcessMemory был выполнен только частично. (0x12B)
[0121/120620.509:ERROR:scoped_process_suspend.cc(40)] NtResumeProcess: Попытка доступа к процессу, выполняющему процедуру завершения. (0xc000010a)
